2025-02-22 16:46:00 INFO  Main:35 - saved data reading
2025-02-22 16:46:00 INFO  Main:40 - application start
2025-02-22 16:46:00 INFO  Controller:74 - Main controller initializing
2025-02-22 16:46:09 INFO  NewEditController:89 - new/edit window initializing
2025-02-22 16:46:36 INFO  NewEditController:89 - new/edit window initializing
2025-02-22 16:47:33 INFO  NewEditController:89 - new/edit window initializing
2025-02-26 18:36:17 INFO  Main:35 - saved data reading
2025-02-26 18:36:17 INFO  Main:40 - application start
2025-02-26 18:36:18 INFO  Controller:74 - Main controller initializing
2025-02-26 18:36:51 INFO  TaskInfoController:24 - task info window initializing
2025-02-26 18:38:14 INFO  NewEditController:89 - new/edit window initializing
2025-02-26 18:57:36 INFO  Main:35 - saved data reading
2025-02-26 18:57:36 INFO  Main:40 - application start
2025-02-26 18:57:36 INFO  Controller:74 - Main controller initializing
2025-02-26 18:57:39 INFO  NewEditController:89 - new/edit window initializing
2025-02-26 19:00:59 INFO  TaskInfoController:24 - task info window initializing
2025-02-26 19:00:59 ERROR Controller:127 - error loading task-info.fxml
2025-02-26 19:01:01 INFO  TaskInfoController:24 - task info window initializing
2025-02-26 19:01:01 ERROR Controller:127 - error loading task-info.fxml
2025-02-26 19:01:05 INFO  Main:35 - saved data reading
2025-02-26 19:01:05 INFO  Main:40 - application start
2025-02-26 19:01:05 INFO  Controller:74 - Main controller initializing
2025-02-26 19:01:07 INFO  TaskInfoController:24 - task info window initializing
2025-02-26 19:01:07 ERROR Controller:127 - error loading task-info.fxml
2025-02-26 19:01:08 INFO  TaskInfoController:24 - task info window initializing
2025-02-26 19:01:08 ERROR Controller:127 - error loading task-info.fxml
2025-02-26 19:01:08 INFO  TaskInfoController:24 - task info window initializing
2025-02-26 19:01:08 ERROR Controller:127 - error loading task-info.fxml
2025-02-26 19:01:08 INFO  TaskInfoController:24 - task info window initializing
2025-02-26 19:01:08 ERROR Controller:127 - error loading task-info.fxml
2025-02-26 19:01:13 INFO  TaskInfoController:24 - task info window initializing
2025-02-26 19:01:13 ERROR Controller:127 - error loading task-info.fxml
2025-02-26 19:01:15 INFO  TaskInfoController:24 - task info window initializing
2025-02-26 19:01:15 ERROR Controller:127 - error loading task-info.fxml
2025-02-26 19:01:16 INFO  TaskInfoController:24 - task info window initializing
2025-02-26 19:01:16 ERROR Controller:127 - error loading task-info.fxml
2025-02-26 19:01:30 INFO  NewEditController:89 - new/edit window initializing
2025-02-26 19:01:42 INFO  NewEditController:89 - new/edit window initializing
2025-02-26 19:01:45 INFO  NewEditController:89 - new/edit window initializing
2025-02-26 19:02:11 INFO  TaskInfoController:24 - task info window initializing
2025-02-26 19:02:11 ERROR Controller:127 - error loading task-info.fxml
2025-02-26 19:02:37 INFO  TaskInfoController:24 - task info window initializing
2025-02-26 19:02:37 ERROR Controller:127 - error loading task-info.fxml
2025-03-03 20:38:44 INFO  Main:35 - saved data reading
2025-03-03 20:38:44 INFO  Main:40 - application start
2025-03-03 20:38:44 INFO  Controller:74 - Main controller initializing
2025-03-03 20:39:54 INFO  Main:35 - saved data reading
2025-03-03 20:39:54 INFO  Main:40 - application start
2025-03-03 20:39:54 INFO  Controller:74 - Main controller initializing
2025-03-03 20:40:01 INFO  NewEditController:89 - new/edit window initializing
2025-03-03 20:41:12 INFO  Main:35 - saved data reading
2025-03-03 20:41:12 INFO  Main:40 - application start
2025-03-03 20:41:12 INFO  Controller:74 - Main controller initializing
2025-03-03 20:41:14 INFO  NewEditController:89 - new/edit window initializing
2025-03-03 20:42:29 INFO  Main:35 - saved data reading
2025-03-03 20:42:29 INFO  Main:40 - application start
2025-03-03 20:42:29 INFO  Controller:74 - Main controller initializing
2025-03-03 20:48:48 INFO  Main:35 - saved data reading
2025-03-03 20:48:48 INFO  Main:40 - application start
2025-03-03 20:48:48 INFO  Controller:74 - Main controller initializing
2025-03-08 16:45:37 INFO  Main:35 - saved data reading
2025-03-08 16:45:37 INFO  Main:40 - application start
2025-03-08 16:45:37 INFO  Controller:74 - Main controller initializing
2025-03-08 16:53:01 INFO  Main:35 - saved data reading
2025-03-08 16:53:01 INFO  Main:40 - application start
2025-03-08 16:53:01 INFO  Controller:74 - Main controller initializing
2025-03-08 16:53:23 ERROR DateService:56 - Invalid time format: 24:60
2025-03-08 16:53:23 ERROR Controller:184 - Invalid time format: Time must be in format HH:MM
2025-03-08 16:53:29 ERROR Controller:174 - Error in filter parameters: Time must be in format HH:MM
2025-03-08 16:53:46 ERROR DateService:56 - Invalid time format: 24:45
2025-03-08 16:53:46 ERROR Controller:184 - Invalid time format: Time must be in format HH:MM
2025-03-08 16:53:50 ERROR Controller:174 - Error in filter parameters: Time must be in format HH:MM
2025-03-08 16:54:07 ERROR DateService:56 - Invalid time format: 23:60
2025-03-08 16:54:07 ERROR Controller:184 - Invalid time format: Time must be in format HH:MM
2025-03-08 16:54:08 ERROR Controller:174 - Error in filter parameters: Time must be in format HH:MM
2025-03-08 16:54:20 WARN  Controller:124 - No task selected to show details!
2025-03-08 16:58:04 INFO  Main:35 - saved data reading
2025-03-08 16:58:04 INFO  Main:40 - application start
2025-03-08 16:58:04 INFO  Controller:72 - Main controller initializing
2025-03-08 16:58:16 WARN  Controller:154 - Filter times not properly set!
2025-03-08 16:58:25 ERROR DateService:65 - Invalid time values: hour=123, minute=67
2025-03-08 16:58:25 ERROR Controller:185 - Invalid time format: Time unit exceeds bounds: hours must be 0-23, minutes must be 0-59
2025-03-08 16:58:35 ERROR Controller:175 - Error in filter parameters: Time unit exceeds bounds: hours must be 0-23, minutes must be 0-59
2025-03-08 16:58:39 ERROR DateService:65 - Invalid time values: hour=23, minute=67
2025-03-08 16:58:39 ERROR Controller:185 - Invalid time format: Time unit exceeds bounds: hours must be 0-23, minutes must be 0-59
2025-03-08 16:58:46 ERROR Controller:175 - Error in filter parameters: Time unit exceeds bounds: hours must be 0-23, minutes must be 0-59
2025-03-08 16:59:40 INFO  Main:35 - saved data reading
2025-03-08 16:59:40 INFO  Main:40 - application start
2025-03-08 16:59:40 INFO  Controller:72 - Main controller initializing
2025-03-08 17:00:03 ERROR DateService:65 - Invalid time values: hour=25, minute=12
2025-03-08 17:00:03 ERROR Controller:185 - Invalid time format: Time unit exceeds bounds: hours must be 0-23, minutes must be 0-59
2025-03-08 17:00:03 ERROR Controller:175 - Error in filter parameters: Time unit exceeds bounds: hours must be 0-23, minutes must be 0-59
2025-03-08 17:10:03 INFO  Main:35 - saved data reading
2025-03-08 17:10:03 INFO  Main:40 - application start
2025-03-08 17:10:03 INFO  Controller:72 - Main controller initializing
2025-03-08 17:10:08 INFO  TasksService:113 - Task deleted: 
2025-03-08 17:10:10 INFO  NewEditController:91 - new/edit window initializing
2025-03-08 17:10:17 INFO  TasksService:97 - Task updated: awd
2025-03-08 17:10:20 INFO  NewEditController:91 - new/edit window initializing
2025-03-08 17:10:31 ERROR DateService:56 - Invalid time format: 24:60
2025-03-08 17:14:09 INFO  Main:35 - saved data reading
2025-03-08 17:14:09 INFO  Main:40 - application start
2025-03-08 17:14:09 INFO  Controller:72 - Main controller initializing
2025-03-08 17:14:11 INFO  NewEditController:91 - new/edit window initializing
2025-03-08 17:14:18 ERROR DateService:56 - Invalid time format: 24:60
2025-03-08 17:16:20 INFO  Main:35 - saved data reading
2025-03-08 17:16:20 INFO  Main:40 - application start
2025-03-08 17:16:21 INFO  Controller:72 - Main controller initializing
2025-03-08 17:16:23 INFO  NewEditController:91 - new/edit window initializing
2025-03-08 17:16:29 ERROR DateService:56 - Invalid time format: 24:60
2025-03-08 17:16:33 ERROR DateService:56 - Invalid time format: 24:60
2025-03-08 17:16:54 INFO  TasksService:89 - Task added: awd
2025-03-08 17:16:57 WARN  Controller:124 - No task selected to show details!
2025-03-08 17:17:00 INFO  TaskInfoController:24 - task info window initializing
2025-03-08 17:17:16 ERROR DateService:56 - Invalid time format: 24:60
2025-03-08 17:17:16 ERROR Controller:185 - Invalid time format: Time must be in format HH:MM
2025-03-08 17:17:16 ERROR Controller:175 - Error in filter parameters: Time must be in format HH:MM
2025-03-08 17:17:30 WARN  Controller:124 - No task selected to show details!
2025-03-08 17:17:35 INFO  TasksService:113 - Task deleted: awd
